TN:
SF:C:\Users\Julian Jacobs\Documents\GitHub\greenpeace\demo\ionic-dev\greenpeace\src\polyfills.ts
FNF:0
FNH:0
LF:0
LH:0
BRF:0
BRH:0
end_of_record
TN:
SF:C:\Users\Julian Jacobs\Documents\GitHub\greenpeace\demo\ionic-dev\greenpeace\src\test.ts
FNF:0
FNH:0
DA:13,1
DA:18,1
DA:20,1
LF:3
LH:3
BRF:0
BRH:0
end_of_record
TN:
SF:C:\Users\Julian Jacobs\Documents\GitHub\greenpeace\demo\ionic-dev\greenpeace\src\zone-flags.ts
FNF:0
FNH:0
DA:5,1
LF:1
LH:1
BRF:0
BRH:0
end_of_record
TN:
SF:C:\Users\Julian Jacobs\Documents\GitHub\greenpeace\demo\ionic-dev\greenpeace\src\app\app-routing.module.ts
FN:7,(anonymous_0)
FN:7,(anonymous_1)
FN:11,(anonymous_2)
FN:11,(anonymous_3)
FNF:4
FNH:4
FNDA:1,(anonymous_0)
FNDA:1,(anonymous_1)
FNDA:1,(anonymous_2)
FNDA:1,(anonymous_3)
DA:4,1
DA:7,1
DA:11,1
DA:20,1
LF:4
LH:4
BRF:0
BRH:0
end_of_record
TN:
SF:C:\Users\Julian Jacobs\Documents\GitHub\greenpeace\demo\ionic-dev\greenpeace\src\app\app.component.ts
FN:13,(anonymous_0)
FN:21,(anonymous_1)
FN:22,(anonymous_2)
FNF:3
FNH:3
FNDA:2,(anonymous_0)
FNDA:2,(anonymous_1)
FNDA:2,(anonymous_2)
DA:12,1
DA:14,2
DA:15,2
DA:16,2
DA:18,2
DA:22,2
DA:23,2
DA:24,2
LF:8
LH:8
BRF:0
BRH:0
end_of_record
TN:
SF:C:\Users\Julian Jacobs\Documents\GitHub\greenpeace\demo\ionic-dev\greenpeace\src\app\components\components.module.ts
FNF:0
FNH:0
DA:14,1
LF:1
LH:1
BRF:0
BRH:0
end_of_record
TN:
SF:C:\Users\Julian Jacobs\Documents\GitHub\greenpeace\demo\ionic-dev\greenpeace\src\app\components\logo\logo.component.ts
FN:10,(anonymous_0)
FN:12,(anonymous_1)
FNF:2
FNH:2
FNDA:6,(anonymous_0)
FNDA:6,(anonymous_1)
DA:8,1
LF:1
LH:1
BRF:0
BRH:0
end_of_record
TN:
SF:C:\Users\Julian Jacobs\Documents\GitHub\greenpeace\demo\ionic-dev\greenpeace\src\app\config\auth-constants.ts
FNF:0
FNH:0
DA:2,1
LF:1
LH:1
BRF:0
BRH:0
end_of_record
TN:
SF:C:\Users\Julian Jacobs\Documents\GitHub\greenpeace\demo\ionic-dev\greenpeace\src\app\guards\home.guard.ts
FN:26,(anonymous_0)
FN:10,(anonymous_1)
FN:11,(anonymous_2)
FN:12,(anonymous_3)
FN:20,(anonymous_4)
FNF:5
FNH:4
FNDA:8,(anonymous_0)
FNDA:6,(anonymous_1)
FNDA:6,(anonymous_2)
FNDA:6,(anonymous_3)
FNDA:0,(anonymous_4)
DA:9,1
DA:11,6
DA:12,6
DA:13,6
DA:14,2
DA:17,4
DA:18,4
DA:21,0
DA:26,8
LF:9
LH:8
BRDA:13,0,0,2
BRDA:13,0,1,4
BRF:2
BRH:2
end_of_record
TN:
SF:C:\Users\Julian Jacobs\Documents\GitHub\greenpeace\demo\ionic-dev\greenpeace\src\app\guards\index.guard.ts
FN:26,(anonymous_0)
FN:10,(anonymous_1)
FN:11,(anonymous_2)
FN:12,(anonymous_3)
FN:20,(anonymous_4)
FNF:5
FNH:4
FNDA:5,(anonymous_0)
FNDA:3,(anonymous_1)
FNDA:3,(anonymous_2)
FNDA:3,(anonymous_3)
FNDA:0,(anonymous_4)
DA:9,1
DA:11,3
DA:12,3
DA:13,3
DA:14,2
DA:15,2
DA:18,1
DA:21,0
DA:26,5
LF:9
LH:8
BRDA:13,0,0,2
BRDA:13,0,1,1
BRF:2
BRH:2
end_of_record
TN:
SF:C:\Users\Julian Jacobs\Documents\GitHub\greenpeace\demo\ionic-dev\greenpeace\src\app\home\home-routing.module.ts
FN:19,(anonymous_0)
FN:20,(anonymous_1)
FN:30,(anonymous_2)
FN:31,(anonymous_3)
FN:36,(anonymous_4)
FN:37,(anonymous_5)
FNF:6
FNH:6
FNDA:4,(anonymous_0)
FNDA:4,(anonymous_1)
FNDA:1,(anonymous_2)
FNDA:1,(anonymous_3)
FNDA:1,(anonymous_4)
FNDA:1,(anonymous_5)
DA:8,1
DA:19,4
DA:20,4
DA:30,1
DA:31,1
DA:36,1
DA:37,1
DA:48,1
LF:8
LH:8
BRF:0
BRH:0
end_of_record
TN:
SF:C:\Users\Julian Jacobs\Documents\GitHub\greenpeace\demo\ionic-dev\greenpeace\src\app\home\home.module.ts
FNF:0
FNH:0
DA:20,1
LF:1
LH:1
BRF:0
BRH:0
end_of_record
TN:
SF:C:\Users\Julian Jacobs\Documents\GitHub\greenpeace\demo\ionic-dev\greenpeace\src\app\home\home.page.ts
FN:10,(anonymous_0)
FN:12,(anonymous_1)
FNF:2
FNH:2
FNDA:31,(anonymous_0)
FNDA:31,(anonymous_1)
DA:8,1
LF:1
LH:1
BRF:0
BRH:0
end_of_record
TN:
SF:C:\Users\Julian Jacobs\Documents\GitHub\greenpeace\demo\ionic-dev\greenpeace\src\app\index\index-routing.module.ts
FN:15,(anonymous_0)
FN:16,(anonymous_1)
FNF:2
FNH:2
FNDA:1,(anonymous_0)
FNDA:1,(anonymous_1)
DA:7,1
DA:15,1
DA:16,1
DA:32,1
LF:4
LH:4
BRF:0
BRH:0
end_of_record
TN:
SF:C:\Users\Julian Jacobs\Documents\GitHub\greenpeace\demo\ionic-dev\greenpeace\src\app\index\index.module.ts
FNF:0
FNH:0
DA:20,1
LF:1
LH:1
BRF:0
BRH:0
end_of_record
TN:
SF:C:\Users\Julian Jacobs\Documents\GitHub\greenpeace\demo\ionic-dev\greenpeace\src\app\index\index.page.ts
FN:10,(anonymous_0)
FN:12,(anonymous_1)
FNF:2
FNH:2
FNDA:3,(anonymous_0)
FNDA:3,(anonymous_1)
DA:8,1
LF:1
LH:1
BRF:0
BRH:0
end_of_record
TN:
SF:C:\Users\Julian Jacobs\Documents\GitHub\greenpeace\demo\ionic-dev\greenpeace\src\app\pages\course-management\course-management-routing.module.ts
FNF:0
FNH:0
DA:6,1
DA:17,1
LF:2
LH:2
BRF:0
BRH:0
end_of_record
TN:
SF:C:\Users\Julian Jacobs\Documents\GitHub\greenpeace\demo\ionic-dev\greenpeace\src\app\pages\course-management\course-management.module.ts
FNF:0
FNH:0
DA:20,1
LF:1
LH:1
BRF:0
BRH:0
end_of_record
TN:
SF:C:\Users\Julian Jacobs\Documents\GitHub\greenpeace\demo\ionic-dev\greenpeace\src\app\pages\course-management\course-management.page.ts
FN:12,(anonymous_0)
FN:14,(anonymous_1)
FN:15,(anonymous_2)
FNF:3
FNH:3
FNDA:6,(anonymous_0)
FNDA:6,(anonymous_1)
FNDA:6,(anonymous_2)
DA:9,1
DA:12,6
DA:15,6
DA:16,6
LF:4
LH:4
BRF:0
BRH:0
end_of_record
TN:
SF:C:\Users\Julian Jacobs\Documents\GitHub\greenpeace\demo\ionic-dev\greenpeace\src\app\pages\dashboard\dashboard-routing.module.ts
FNF:0
FNH:0
DA:6,1
DA:17,1
LF:2
LH:2
BRF:0
BRH:0
end_of_record
TN:
SF:C:\Users\Julian Jacobs\Documents\GitHub\greenpeace\demo\ionic-dev\greenpeace\src\app\pages\dashboard\dashboard.module.ts
FNF:0
FNH:0
DA:20,1
LF:1
LH:1
BRF:0
BRH:0
end_of_record
TN:
SF:C:\Users\Julian Jacobs\Documents\GitHub\greenpeace\demo\ionic-dev\greenpeace\src\app\pages\dashboard\dashboard.page.ts
FN:12,(anonymous_0)
FN:14,(anonymous_1)
FN:15,(anonymous_2)
FNF:3
FNH:3
FNDA:14,(anonymous_0)
FNDA:16,(anonymous_1)
FNDA:16,(anonymous_2)
DA:9,1
DA:12,14
DA:15,16
DA:16,16
LF:4
LH:4
BRF:0
BRH:0
end_of_record
TN:
SF:C:\Users\Julian Jacobs\Documents\GitHub\greenpeace\demo\ionic-dev\greenpeace\src\app\pages\settings\settings-routing.module.ts
FNF:0
FNH:0
DA:6,1
DA:17,1
LF:2
LH:2
BRF:0
BRH:0
end_of_record
TN:
SF:C:\Users\Julian Jacobs\Documents\GitHub\greenpeace\demo\ionic-dev\greenpeace\src\app\pages\settings\settings.module.ts
FNF:0
FNH:0
DA:20,1
LF:1
LH:1
BRF:0
BRH:0
end_of_record
TN:
SF:C:\Users\Julian Jacobs\Documents\GitHub\greenpeace\demo\ionic-dev\greenpeace\src\app\pages\settings\settings.page.ts
FN:11,(anonymous_0)
FN:13,(anonymous_1)
FN:16,(anonymous_2)
FNF:3
FNH:2
FNDA:15,(anonymous_0)
FNDA:15,(anonymous_1)
FNDA:0,(anonymous_2)
DA:9,1
DA:11,15
DA:17,0
LF:3
LH:2
BRF:0
BRH:0
end_of_record
TN:
SF:C:\Users\Julian Jacobs\Documents\GitHub\greenpeace\demo\ionic-dev\greenpeace\src\app\pages\signin\signin-routing.module.ts
FNF:0
FNH:0
DA:6,1
DA:17,1
LF:2
LH:2
BRF:0
BRH:0
end_of_record
TN:
SF:C:\Users\Julian Jacobs\Documents\GitHub\greenpeace\demo\ionic-dev\greenpeace\src\app\pages\signin\signin.module.ts
FNF:0
FNH:0
DA:22,1
LF:1
LH:1
BRF:0
BRH:0
end_of_record
TN:
SF:C:\Users\Julian Jacobs\Documents\GitHub\greenpeace\demo\ionic-dev\greenpeace\src\app\pages\signin\signin.page.ts
FN:19,(anonymous_0)
FN:26,(anonymous_1)
FN:29,(anonymous_2)
FN:40,(anonymous_3)
FN:43,(anonymous_4)
FN:47,(anonymous_5)
FNF:6
FNH:6
FNDA:64,(anonymous_0)
FNDA:64,(anonymous_1)
FNDA:4,(anonymous_2)
FNDA:9,(anonymous_3)
FNDA:3,(anonymous_4)
FNDA:2,(anonymous_5)
DA:13,1
DA:14,64
DA:20,64
DA:21,64
DA:22,64
DA:23,64
DA:30,4
DA:31,4
DA:33,4
DA:41,9
DA:42,5
DA:44,3
DA:45,3
DA:48,2
DA:49,1
DA:52,1
DA:57,4
DA:58,2
DA:61,2
DA:62,1
DA:64,2
DA:65,1
LF:22
LH:22
BRDA:34,0,0,4
BRDA:34,0,1,2
BRDA:34,0,2,1
BRDA:34,0,3,1
BRDA:41,1,0,5
BRDA:41,1,1,4
BRDA:48,2,0,1
BRDA:48,2,1,1
BRDA:57,3,0,2
BRDA:57,3,1,2
BRDA:57,4,0,4
BRDA:57,4,1,3
BRDA:61,5,0,1
BRDA:61,5,1,1
BRDA:64,6,0,1
BRDA:64,6,1,1
BRF:16
BRH:16
end_of_record
TN:
SF:C:\Users\Julian Jacobs\Documents\GitHub\greenpeace\demo\ionic-dev\greenpeace\src\app\resolvers\user-data.resolver.ts
FN:11,(anonymous_0)
FN:13,(anonymous_1)
FNF:2
FNH:2
FNDA:3,(anonymous_0)
FNDA:1,(anonymous_1)
DA:8,1
DA:11,3
DA:14,1
LF:3
LH:3
BRF:0
BRH:0
end_of_record
TN:
SF:C:\Users\Julian Jacobs\Documents\GitHub\greenpeace\demo\ionic-dev\greenpeace\src\app\services\auth.service.ts
FN:16,(anonymous_0)
FN:22,(anonymous_1)
FN:23,(anonymous_2)
FN:28,(anonymous_3)
FN:32,(anonymous_4)
FN:33,(anonymous_5)
FNF:6
FNH:1
FNDA:103,(anonymous_0)
FNDA:0,(anonymous_1)
FNDA:0,(anonymous_2)
FNDA:0,(anonymous_3)
FNDA:0,(anonymous_4)
FNDA:0,(anonymous_5)
DA:13,1
DA:14,103
DA:17,103
DA:18,103
DA:19,103
DA:23,0
DA:24,0
DA:29,0
DA:33,0
DA:34,0
DA:35,0
LF:11
LH:5
BRF:0
BRH:0
end_of_record
TN:
SF:C:\Users\Julian Jacobs\Documents\GitHub\greenpeace\demo\ionic-dev\greenpeace\src\app\services\http.service.ts
FN:10,(anonymous_0)
FN:12,(anonymous_1)
FNF:2
FNH:1
FNDA:106,(anonymous_0)
FNDA:0,(anonymous_1)
DA:8,1
DA:10,106
DA:13,0
DA:14,0
DA:16,0
DA:17,0
LF:6
LH:2
BRF:0
BRH:0
end_of_record
TN:
SF:C:\Users\Julian Jacobs\Documents\GitHub\greenpeace\demo\ionic-dev\greenpeace\src\app\services\storage.service.ts
FN:11,(anonymous_0)
FN:13,(anonymous_1)
FN:21,(anonymous_3)
FN:31,(anonymous_5)
FN:35,(anonymous_7)
FNF:5
FNH:3
FNDA:117,(anonymous_0)
FNDA:2,(anonymous_1)
FNDA:3,(anonymous_3)
FNDA:0,(anonymous_5)
FNDA:0,(anonymous_7)
DA:4,1
DA:9,1
DA:14,2
DA:15,2
DA:22,3
DA:23,3
DA:24,0
DA:27,3
DA:32,0
DA:36,0
LF:10
LH:7
BRDA:23,0,0,0
BRDA:23,0,1,3
BRF:2
BRH:1
end_of_record
TN:
SF:C:\Users\Julian Jacobs\Documents\GitHub\greenpeace\demo\ionic-dev\greenpeace\src\app\services\toast.service.ts
FN:9,(anonymous_0)
FN:11,(anonymous_1)
FNF:2
FNH:1
FNDA:65,(anonymous_0)
FNDA:0,(anonymous_1)
DA:7,1
DA:9,65
DA:12,0
DA:16,0
LF:4
LH:2
BRF:0
BRH:0
end_of_record
TN:
SF:C:\Users\Julian Jacobs\Documents\GitHub\greenpeace\demo\ionic-dev\greenpeace\src\environments\environment.ts
FNF:0
FNH:0
DA:5,1
LF:1
LH:1
BRF:0
BRH:0
end_of_record
